[INFO] [2018-05-02 14:09:39][com.pgb.spider.JobInfoSpiderApplication]Starting JobInfoSpiderApplication on DESKTOP-0LF8KCJ with PID 4100 (E:\JobInfoSpider\target\classes started by peng in E:\JobInfoSpider)
[INFO] [2018-05-02 14:09:39][com.pgb.spider.JobInfoSpiderApplication]No active profile set, falling back to default profiles: default
[INFO] [2018-05-02 14:09:39][org.springframework.boot.context.embedded.AnnotationConfigEmbeddedWebApplicationContext]Refreshing org.springframework.boot.context.embedded.AnnotationConfigEmbeddedWebApplicationContext@59f80097: startup date [Wed May 02 14:09:39 CST 2018]; root of context hierarchy
[INFO] [2018-05-02 14:09:40][org.hibernate.validator.internal.util.Version]HV000001: Hibernate Validator 5.3.5.Final
[INFO] [2018-05-02 14:09:42][org.springframework.data.repository.config.RepositoryConfigurationDelegate]Multiple Spring Data modules found, entering strict repository configuration mode!
[INFO] [2018-05-02 14:09:42][org.springframework.data.repository.config.RepositoryConfigurationDelegate]Multiple Spring Data modules found, entering strict repository configuration mode!
[INFO] [2018-05-02 14:09:42][org.springframework.data.repository.config.RepositoryConfigurationExtensionSupport]Spring Data Redis - Could not safely identify store assignment for repository candidate interface com.pgb.spider.web.dao.QueryDao.
[INFO] [2018-05-02 14:09:42][org.springframework.data.repository.config.RepositoryConfigurationExtensionSupport]Spring Data Redis - Could not safely identify store assignment for repository candidate interface com.pgb.spider.wechat.dao.SubscribeDao.
[INFO] [2018-05-02 14:09:42][org.springframework.data.repository.config.RepositoryConfigurationExtensionSupport]Spring Data Redis - Could not safely identify store assignment for repository candidate interface com.pgb.spider.wechat.dao.CollectDao.
[INFO] [2018-05-02 14:09:42][org.springframework.data.repository.config.RepositoryConfigurationExtensionSupport]Spring Data Redis - Could not safely identify store assignment for repository candidate interface com.pgb.spider.wechat.dao.TextRequestDao.
[INFO] [2018-05-02 14:09:42][org.springframework.data.repository.config.RepositoryConfigurationExtensionSupport]Spring Data Redis - Could not safely identify store assignment for repository candidate interface com.pgb.spider.wechat.dao.UserInfoDao.
[INFO] [2018-05-02 14:09:45][org.springframework.boot.context.embedded.tomcat.TomcatEmbeddedServletContainer]Tomcat initialized with port(s): 80 (http)
[INFO] [2018-05-02 14:09:45][org.springframework.web.context.ContextLoader]Root WebApplicationContext: initialization completed in 5943 ms
[INFO] [2018-05-02 14:09:45][org.springframework.boot.web.servlet.ServletRegistrationBean]Mapping servlet: 'dispatcherServlet' to [/]
[INFO] [2018-05-02 14:09:45][org.springframework.boot.web.servlet.FilterRegistrationBean]Mapping filter: 'characterEncodingFilter' to: [/*]
[INFO] [2018-05-02 14:09:45][org.springframework.boot.web.servlet.FilterRegistrationBean]Mapping filter: 'hiddenHttpMethodFilter' to: [/*]
[INFO] [2018-05-02 14:09:45][org.springframework.boot.web.servlet.FilterRegistrationBean]Mapping filter: 'httpPutFormContentFilter' to: [/*]
[INFO] [2018-05-02 14:09:45][org.springframework.boot.web.servlet.FilterRegistrationBean]Mapping filter: 'requestContextFilter' to: [/*]
[INFO] [2018-05-02 14:09:47][org.springframework.orm.jpa.LocalContainerEntityManagerFactoryBean]Building JPA container EntityManagerFactory for persistence unit 'default'
[INFO] [2018-05-02 14:09:47][org.hibernate.jpa.internal.util.LogHelper]HHH000204: Processing PersistenceUnitInfo [
	name: default
	...]
[INFO] [2018-05-02 14:09:48][org.hibernate.Version]HHH000412: Hibernate Core {5.2.6.Final}
[INFO] [2018-05-02 14:09:48][org.hibernate.cfg.Environment]HHH000206: hibernate.properties not found
[INFO] [2018-05-02 14:09:48][org.hibernate.annotations.common.Version]HCANN000001: Hibernate Commons Annotations {5.0.1.Final}
[INFO] [2018-05-02 14:09:51][org.hibernate.dialect.Dialect]HHH000400: Using dialect: org.hibernate.dialect.MySQL5Dialect
[INFO] [2018-05-02 14:09:51][org.hibernate.engine.jdbc.env.internal.LobCreatorBuilderImpl]HHH000423: Disabling contextual LOB creation as JDBC driver reported JDBC version [3] less than 4
[INFO] [2018-05-02 14:09:52][org.springframework.orm.jpa.LocalContainerEntityManagerFactoryBean]Initialized JPA EntityManagerFactory for persistence unit 'default'
[INFO] [2018-05-02 14:09:55][com.pgb.spider.redis.RedisConfig]JedisConnectionFactory bean init success.
[INFO] [2018-05-02 14:09:56][org.springframework.web.servlet.mvc.method.annotation.RequestMappingHandlerAdapter]Looking for @ControllerAdvice: org.springframework.boot.context.embedded.AnnotationConfigEmbeddedWebApplicationContext@59f80097: startup date [Wed May 02 14:09:39 CST 2018]; root of context hierarchy
[INFO] [2018-05-02 14:09:57][org.springframework.web.servlet.mvc.method.annotation.RequestMappingHandlerMapping]Mapped "{[/query/query],methods=[GET],produces=[application/json;charset=UTF-8]}" onto public com.pgb.spider.web.utils.Pagination<com.pgb.spider.entity.JobItem> com.pgb.spider.web.controller.QueryController.query(java.lang.String,java.lang.Integer,java.lang.Integer)
[INFO] [2018-05-02 14:09:57][org.springframework.web.servlet.mvc.method.annotation.RequestMappingHandlerMapping]Mapped "{[/query/hello],methods=[GET],produces=[application/json;charset=UTF-8]}" onto public java.lang.String com.pgb.spider.web.controller.QueryController.test()
[INFO] [2018-05-02 14:09:57][org.springframework.web.servlet.mvc.method.annotation.RequestMappingHandlerMapping]Mapped "{[/query/detail],methods=[GET],produces=[application/json;charset=UTF-8]}" onto public com.pgb.spider.entity.JobItem com.pgb.spider.web.controller.QueryController.queryDetail(java.lang.Integer)
[INFO] [2018-05-02 14:09:57][org.springframework.web.servlet.mvc.method.annotation.RequestMappingHandlerMapping]Mapped "{[/uncollect],methods=[GET]}" onto public void com.pgb.spider.wechat.controller.CollectController.uncollectJob(javax.servlet.http.HttpServletRequest,javax.servlet.http.HttpServletResponse) throws java.io.IOException
[INFO] [2018-05-02 14:09:57][org.springframework.web.servlet.mvc.method.annotation.RequestMappingHandlerMapping]Mapped "{[/getCollect],methods=[GET]}" onto public java.util.List<com.pgb.spider.entity.JobItem> com.pgb.spider.wechat.controller.CollectController.getCollect(javax.servlet.http.HttpServletRequest,javax.servlet.http.HttpServletResponse)
[INFO] [2018-05-02 14:09:57][org.springframework.web.servlet.mvc.method.annotation.RequestMappingHandlerMapping]Mapped "{[/collect],methods=[GET]}" onto public void com.pgb.spider.wechat.controller.CollectController.collectJob(javax.servlet.http.HttpServletRequest,javax.servlet.http.HttpServletResponse) throws java.io.IOException
[INFO] [2018-05-02 14:09:57][org.springframework.web.servlet.mvc.method.annotation.RequestMappingHandlerMapping]Mapped "{[/checkCollect],methods=[GET]}" onto public boolean com.pgb.spider.wechat.controller.CollectController.checkCollectJob(javax.servlet.http.HttpServletRequest,javax.servlet.http.HttpServletResponse) throws java.io.IOException
[INFO] [2018-05-02 14:09:57][org.springframework.web.servlet.mvc.method.annotation.RequestMappingHandlerMapping]Mapped "{[/wechat],methods=[GET]}" onto public void com.pgb.spider.wechat.controller.TokenCheckController.checkToken(javax.servlet.http.HttpServletRequest,javax.servlet.http.HttpServletResponse) throws java.lang.Exception
[INFO] [2018-05-02 14:09:57][org.springframework.web.servlet.mvc.method.annotation.RequestMappingHandlerMapping]Mapped "{[/wechat/getUserInfo],methods=[GET]}" onto public com.pgb.spider.wechat.entity.UserInfo com.pgb.spider.wechat.controller.UserInfoController.getUserInfo(javax.servlet.http.HttpServletRequest,javax.servlet.http.HttpServletResponse)
[INFO] [2018-05-02 14:09:57][org.springframework.web.servlet.mvc.method.annotation.RequestMappingHandlerMapping]Mapped "{[/wechat/getOpenid],methods=[GET]}" onto public void com.pgb.spider.wechat.controller.UserInfoController.getWechatOpenid(javax.servlet.http.HttpServletRequest,javax.servlet.http.HttpServletResponse,java.lang.String,java.lang.String) throws java.io.IOException
[INFO] [2018-05-02 14:09:57][org.springframework.web.servlet.mvc.method.annotation.RequestMappingHandlerMapping]Mapped "{[/wechat/checkOpenid],methods=[GET]}" onto public void com.pgb.spider.wechat.controller.UserInfoController.setUserInfo(javax.servlet.http.HttpServletRequest,javax.servlet.http.HttpServletResponse) throws java.io.IOException
[INFO] [2018-05-02 14:09:57][org.springframework.web.servlet.mvc.method.annotation.RequestMappingHandlerMapping]Mapped "{[/wechat/setUserInfo],methods=[POST]}" onto public void com.pgb.spider.wechat.controller.UserInfoController.setUserInfo(javax.servlet.http.HttpServletRequest,javax.servlet.http.HttpServletResponse,java.lang.String,java.lang.Integer,java.lang.String) throws java.io.IOException
[INFO] [2018-05-02 14:09:57][org.springframework.web.servlet.mvc.method.annotation.RequestMappingHandlerMapping]Mapped "{[/wechat],methods=[POST]}" onto public java.lang.String com.pgb.spider.wechat.controller.WeChatMessageDispatcherController.processWeChatRequest(javax.servlet.http.HttpServletRequest,java.lang.String) throws java.lang.Exception
[INFO] [2018-05-02 14:09:57][org.springframework.web.servlet.mvc.method.annotation.RequestMappingHandlerMapping]Mapped "{[/error]}" onto public org.springframework.http.ResponseEntity<java.util.Map<java.lang.String, java.lang.Object>> org.springframework.boot.autoconfigure.web.BasicErrorController.error(javax.servlet.http.HttpServletRequest)
[INFO] [2018-05-02 14:09:57][org.springframework.web.servlet.mvc.method.annotation.RequestMappingHandlerMapping]Mapped "{[/error],produces=[text/html]}" onto public org.springframework.web.servlet.ModelAndView org.springframework.boot.autoconfigure.web.BasicErrorController.errorHtml(javax.servlet.http.HttpServletRequest,javax.servlet.http.HttpServletResponse)
[INFO] [2018-05-02 14:09:57][org.springframework.web.servlet.handler.SimpleUrlHandlerMapping]Mapped URL path [/webjars/**] onto handler of type [class org.springframework.web.servlet.resource.ResourceHttpRequestHandler]
[INFO] [2018-05-02 14:09:57][org.springframework.web.servlet.handler.SimpleUrlHandlerMapping]Mapped URL path [/**] onto handler of type [class org.springframework.web.servlet.resource.ResourceHttpRequestHandler]
[INFO] [2018-05-02 14:09:57][org.springframework.web.servlet.handler.SimpleUrlHandlerMapping]Mapped URL path [/**/favicon.ico] onto handler of type [class org.springframework.web.servlet.resource.ResourceHttpRequestHandler]
[INFO] [2018-05-02 14:09:57][org.springframework.boot.autoconfigure.web.WebMvcAutoConfiguration$WelcomePageHandlerMapping]Adding welcome page: class path resource [static/index.html]
[INFO] [2018-05-02 14:09:58][org.springframework.jmx.export.annotation.AnnotationMBeanExporter]Registering beans for JMX exposure on startup
[INFO] [2018-05-02 14:09:58][org.springframework.boot.context.embedded.tomcat.TomcatEmbeddedServletContainer]Tomcat started on port(s): 80 (http)
[INFO] [2018-05-02 14:09:58][com.pgb.spider.JobInfoSpiderApplication]Started JobInfoSpiderApplication in 19.826 seconds (JVM running for 26.388)
[INFO] [2018-05-02 14:10:52][org.springframework.boot.context.embedded.AnnotationConfigEmbeddedWebApplicationContext]Closing org.springframework.boot.context.embedded.AnnotationConfigEmbeddedWebApplicationContext@59f80097: startup date [Wed May 02 14:09:39 CST 2018]; root of context hierarchy
[INFO] [2018-05-02 14:10:52][org.springframework.jmx.export.annotation.AnnotationMBeanExporter]Unregistering JMX-exposed beans on shutdown
[INFO] [2018-05-02 14:10:52][org.springframework.orm.jpa.LocalContainerEntityManagerFactoryBean]Closing JPA EntityManagerFactory for persistence unit 'default'
